{"/home/aswin.vijayan/Desktop/Week4-New-Project/js/apiClient.ts": {"path":"/home/aswin.vijayan/Desktop/Week4-New-Project/js/apiClient.ts","statementMap":{"0":{"start":{"line":2,"column":0},"end":{"line":2,"column":7}},"1":{"start":{"line":3,"column":19},"end":{"line":3,"column":58}},"2":{"start":{"line":4,"column":2},"end":{"line":4,"column":50}},"3":{"start":{"line":4,"column":20},"end":{"line":4,"column":50}},"4":{"start":{"line":5,"column":2},"end":{"line":5,"column":42}}},"fnMap":{"0":{"name":"fetchUser","decl":{"start":{"line":2,"column":22},"end":{"line":2,"column":31}},"loc":{"start":{"line":2,"column":42},"end":{"line":6,"column":1}}}},"branchMap":{"0":{"loc":{"start":{"line":4,"column":2},"end":{"line":4,"column":50}},"type":"if","locations":[{"start":{"line":4,"column":2},"end":{"line":4,"column":50}}]}},"s":{"0":1,"1":2,"2":2,"3":1,"4":1},"f":{"0":2},"b":{"0":[1]}}
,"/home/aswin.vijayan/Desktop/Week4-New-Project/js/components.ts": {"path":"/home/aswin.vijayan/Desktop/Week4-New-Project/js/components.ts","statementMap":{"0":{"start":{"line":1,"column":0},"end":{"line":1,"column":16}},"1":{"start":{"line":6,"column":0},"end":{"line":6,"column":16}},"2":{"start":{"line":13,"column":0},"end":{"line":13,"column":16}},"3":{"start":{"line":2,"column":14},"end":{"line":2,"column":46}},"4":{"start":{"line":3,"column":2},"end":{"line":3,"column":13}},"5":{"start":{"line":7,"column":15},"end":{"line":7,"column":60}},"6":{"start":{"line":8,"column":2},"end":{"line":8,"column":33}},"7":{"start":{"line":9,"column":2},"end":{"line":9,"column":60}},"8":{"start":{"line":9,"column":13},"end":{"line":9,"column":60}},"9":{"start":{"line":10,"column":2},"end":{"line":10,"column":14}},"10":{"start":{"line":14,"column":16},"end":{"line":14,"column":70}},"11":{"start":{"line":15,"column":2},"end":{"line":15,"column":21}},"12":{"start":{"line":16,"column":2},"end":{"line":16,"column":52}},"13":{"start":{"line":16,"column":14},"end":{"line":16,"column":52}},"14":{"start":{"line":17,"column":22},"end":{"line":17,"column":58}},"15":{"start":{"line":18,"column":2},"end":{"line":18,"column":21}}},"fnMap":{"0":{"name":"buttonComponent","decl":{"start":{"line":1,"column":16},"end":{"line":1,"column":31}},"loc":{"start":{"line":1,"column":31},"end":{"line":4,"column":1}}},"1":{"name":"cardComponent","decl":{"start":{"line":6,"column":16},"end":{"line":6,"column":29}},"loc":{"start":{"line":6,"column":29},"end":{"line":11,"column":1}}},"2":{"name":"modalComponent","decl":{"start":{"line":13,"column":16},"end":{"line":13,"column":30}},"loc":{"start":{"line":13,"column":30},"end":{"line":19,"column":1}}}},"branchMap":{"0":{"loc":{"start":{"line":9,"column":2},"end":{"line":9,"column":60}},"type":"if","locations":[{"start":{"line":9,"column":2},"end":{"line":9,"column":60}}]},"1":{"loc":{"start":{"line":16,"column":2},"end":{"line":16,"column":52}},"type":"if","locations":[{"start":{"line":16,"column":2},"end":{"line":16,"column":52}}]}},"s":{"0":16,"1":16,"2":16,"3":4,"4":4,"5":4,"6":4,"7":4,"8":1,"9":3,"10":5,"11":5,"12":5,"13":1,"14":4,"15":4},"f":{"0":4,"1":4,"2":5},"b":{"0":[1],"1":[1]}}
,"/home/aswin.vijayan/Desktop/Week4-New-Project/js/main.ts": {"path":"/home/aswin.vijayan/Desktop/Week4-New-Project/js/main.ts","statementMap":{"0":{"start":{"line":7,"column":0},"end":{"line":7,"column":24}},"1":{"start":{"line":1,"column":0},"end":{"line":1,"column":46}},"2":{"start":{"line":2,"column":0},"end":{"line":2,"column":80}},"3":{"start":{"line":4,"column":0},"end":{"line":4,"column":32}},"4":{"start":{"line":5,"column":0},"end":{"line":5,"column":43}},"5":{"start":{"line":6,"column":0},"end":{"line":6,"column":32}},"6":{"start":{"line":8,"column":2},"end":{"line":8,"column":28}},"7":{"start":{"line":9,"column":2},"end":{"line":9,"column":38}},"8":{"start":{"line":10,"column":2},"end":{"line":10,"column":37}},"9":{"start":{"line":11,"column":2},"end":{"line":11,"column":40}},"10":{"start":{"line":13,"column":0},"end":{"line":13,"column":15}},"11":{"start":{"line":16,"column":0},"end":{"line":27,"column":3}},"12":{"start":{"line":17,"column":14},"end":{"line":17,"column":43}},"13":{"start":{"line":18,"column":2},"end":{"line":24,"column":5}},"14":{"start":{"line":26,"column":2},"end":{"line":26,"column":25}},"15":{"start":{"line":29,"column":19},"end":{"line":29,"column":57}},"16":{"start":{"line":30,"column":0},"end":{"line":46,"column":3}},"17":{"start":{"line":31,"column":2},"end":{"line":45,"column":5}},"18":{"start":{"line":32,"column":4},"end":{"line":32,"column":23}},"19":{"start":{"line":33,"column":23},"end":{"line":33,"column":47}},"20":{"start":{"line":34,"column":4},"end":{"line":34,"column":28}},"21":{"start":{"line":34,"column":21},"end":{"line":34,"column":28}},"22":{"start":{"line":35,"column":16},"end":{"line":35,"column":59}},"23":{"start":{"line":36,"column":4},"end":{"line":42,"column":7}},"24":{"start":{"line":43,"column":4},"end":{"line":43,"column":35}},"25":{"start":{"line":44,"column":4},"end":{"line":44,"column":27}},"26":{"start":{"line":48,"column":0},"end":{"line":51,"column":3}},"27":{"start":{"line":49,"column":18},"end":{"line":49,"column":42}},"28":{"start":{"line":50,"column":2},"end":{"line":50,"column":20}},"29":{"start":{"line":53,"column":23},"end":{"line":53,"column":62}},"30":{"start":{"line":54,"column":19},"end":{"line":54,"column":53}},"31":{"start":{"line":55,"column":0},"end":{"line":55,"column":72}},"32":{"start":{"line":58,"column":0},"end":{"line":127,"column":3}},"33":{"start":{"line":59,"column":2},"end":{"line":59,"column":65}},"34":{"start":{"line":60,"column":20},"end":{"line":60,"column":60}},"35":{"start":{"line":61,"column":31},"end":{"line":61,"column":85}},"36":{"start":{"line":62,"column":28},"end":{"line":62,"column":80}},"37":{"start":{"line":63,"column":2},"end":{"line":63,"column":60}},"38":{"start":{"line":64,"column":18},"end":{"line":64,"column":58}},"39":{"start":{"line":65,"column":2},"end":{"line":65,"column":53}},"40":{"start":{"line":66,"column":17},"end":{"line":66,"column":36}},"41":{"start":{"line":68,"column":2},"end":{"line":76,"column":3}},"42":{"start":{"line":69,"column":4},"end":{"line":75,"column":5}},"43":{"start":{"line":70,"column":6},"end":{"line":70,"column":42}},"44":{"start":{"line":71,"column":19},"end":{"line":71,"column":53}},"45":{"start":{"line":72,"column":6},"end":{"line":72,"column":24}},"46":{"start":{"line":72,"column":17},"end":{"line":72,"column":24}},"47":{"start":{"line":73,"column":6},"end":{"line":73,"column":38}},"48":{"start":{"line":74,"column":6},"end":{"line":74,"column":13}},"49":{"start":{"line":77,"column":2},"end":{"line":107,"column":3}},"50":{"start":{"line":78,"column":4},"end":{"line":106,"column":5}},"51":{"start":{"line":79,"column":6},"end":{"line":79,"column":39}},"52":{"start":{"line":80,"column":19},"end":{"line":80,"column":53}},"53":{"start":{"line":81,"column":6},"end":{"line":81,"column":24}},"54":{"start":{"line":81,"column":17},"end":{"line":81,"column":24}},"55":{"start":{"line":82,"column":6},"end":{"line":82,"column":35}},"56":{"start":{"line":83,"column":6},"end":{"line":83,"column":13}},"57":{"start":{"line":84,"column":11},"end":{"line":106,"column":5}},"58":{"start":{"line":85,"column":26},"end":{"line":85,"column":64}},"59":{"start":{"line":86,"column":25},"end":{"line":86,"column":74}},"60":{"start":{"line":87,"column":6},"end":{"line":87,"column":44}},"61":{"start":{"line":88,"column":11},"end":{"line":106,"column":5}},"62":{"start":{"line":89,"column":6},"end":{"line":89,"column":56}},"63":{"start":{"line":90,"column":22},"end":{"line":90,"column":38}},"64":{"start":{"line":91,"column":6},"end":{"line":94,"column":9}},"65":{"start":{"line":95,"column":21},"end":{"line":95,"column":33}},"66":{"start":{"line":96,"column":6},"end":{"line":96,"column":40}},"67":{"start":{"line":97,"column":6},"end":{"line":103,"column":9}},"68":{"start":{"line":105,"column":6},"end":{"line":105,"column":23}},"69":{"start":{"line":108,"column":2},"end":{"line":126,"column":3}},"70":{"start":{"line":109,"column":17},"end":{"line":109,"column":41}},"71":{"start":{"line":110,"column":20},"end":{"line":110,"column":28}},"72":{"start":{"line":111,"column":4},"end":{"line":111,"column":25}},"73":{"start":{"line":111,"column":18},"end":{"line":111,"column":25}},"74":{"start":{"line":115,"column":20},"end":{"line":115,"column":42}},"75":{"start":{"line":116,"column":4},"end":{"line":116,"column":39}},"76":{"start":{"line":117,"column":4},"end":{"line":123,"column":7}},"77":{"start":{"line":125,"column":4},"end":{"line":125,"column":22}},"78":{"start":{"line":129,"column":0},"end":{"line":154,"column":3}},"79":{"start":{"line":130,"column":2},"end":{"line":130,"column":21}},"80":{"start":{"line":131,"column":17},"end":{"line":131,"column":36}},"81":{"start":{"line":132,"column":2},"end":{"line":153,"column":3}},"82":{"start":{"line":133,"column":4},"end":{"line":133,"column":34}},"83":{"start":{"line":134,"column":4},"end":{"line":134,"column":15}},"84":{"start":{"line":135,"column":9},"end":{"line":153,"column":3}},"85":{"start":{"line":136,"column":17},"end":{"line":136,"column":71}},"86":{"start":{"line":137,"column":4},"end":{"line":137,"column":22}},"87":{"start":{"line":137,"column":15},"end":{"line":137,"column":22}},"88":{"start":{"line":138,"column":21},"end":{"line":138,"column":39}},"89":{"start":{"line":139,"column":17},"end":{"line":139,"column":55}},"90":{"start":{"line":140,"column":21},"end":{"line":140,"column":44}},"91":{"start":{"line":141,"column":4},"end":{"line":150,"column":5}},"92":{"start":{"line":142,"column":24},"end":{"line":142,"column":75}},"93":{"start":{"line":143,"column":26},"end":{"line":143,"column":76}},"94":{"start":{"line":144,"column":6},"end":{"line":144,"column":31}},"95":{"start":{"line":144,"column":24},"end":{"line":144,"column":31}},"96":{"start":{"line":145,"column":6},"end":{"line":145,"column":41}},"97":{"start":{"line":146,"column":6},"end":{"line":149,"column":9}},"98":{"start":{"line":151,"column":4},"end":{"line":151,"column":38}},"99":{"start":{"line":152,"column":4},"end":{"line":152,"column":17}},"100":{"start":{"line":156,"column":0},"end":{"line":160,"column":3}},"101":{"start":{"line":157,"column":15},"end":{"line":157,"column":49}},"102":{"start":{"line":158,"column":2},"end":{"line":158,"column":74}},"103":{"start":{"line":158,"column":63},"end":{"line":158,"column":74}},"104":{"start":{"line":159,"column":2},"end":{"line":159,"column":96}},"105":{"start":{"line":159,"column":64},"end":{"line":159,"column":96}}},"fnMap":{"0":{"name":"initRegister","decl":{"start":{"line":7,"column":24},"end":{"line":7,"column":36}},"loc":{"start":{"line":7,"column":36},"end":{"line":12,"column":1}}},"1":{"name":"(anonymous_1)","decl":{"start":{"line":16,"column":44},"end":{"line":16,"column":47}},"loc":{"start":{"line":16,"column":49},"end":{"line":27,"column":1}}},"2":{"name":"(anonymous_2)","decl":{"start":{"line":30,"column":19},"end":{"line":30,"column":20}},"loc":{"start":{"line":30,"column":27},"end":{"line":46,"column":1}}},"3":{"name":"(anonymous_3)","decl":{"start":{"line":31,"column":32},"end":{"line":31,"column":33}},"loc":{"start":{"line":31,"column":38},"end":{"line":45,"column":3}}},"4":{"name":"(anonymous_4)","decl":{"start":{"line":48,"column":36},"end":{"line":48,"column":39}},"loc":{"start":{"line":48,"column":41},"end":{"line":51,"column":1}}},"5":{"name":"(anonymous_5)","decl":{"start":{"line":58,"column":42},"end":{"line":58,"column":43}},"loc":{"start":{"line":58,"column":48},"end":{"line":127,"column":1}}},"6":{"name":"(anonymous_6)","decl":{"start":{"line":129,"column":36},"end":{"line":129,"column":37}},"loc":{"start":{"line":129,"column":42},"end":{"line":154,"column":1}}},"7":{"name":"(anonymous_7)","decl":{"start":{"line":156,"column":37},"end":{"line":156,"column":38}},"loc":{"start":{"line":156,"column":43},"end":{"line":160,"column":1}}}},"branchMap":{"0":{"loc":{"start":{"line":34,"column":4},"end":{"line":34,"column":28}},"type":"if","locations":[{"start":{"line":34,"column":4},"end":{"line":34,"column":28}}]},"1":{"loc":{"start":{"line":68,"column":2},"end":{"line":76,"column":3}},"type":"if","locations":[{"start":{"line":68,"column":2},"end":{"line":76,"column":3}}]},"2":{"loc":{"start":{"line":69,"column":4},"end":{"line":75,"column":5}},"type":"if","locations":[{"start":{"line":69,"column":4},"end":{"line":75,"column":5}}]},"3":{"loc":{"start":{"line":72,"column":6},"end":{"line":72,"column":24}},"type":"if","locations":[{"start":{"line":72,"column":6},"end":{"line":72,"column":24}}]},"4":{"loc":{"start":{"line":77,"column":2},"end":{"line":107,"column":3}},"type":"if","locations":[{"start":{"line":77,"column":2},"end":{"line":107,"column":3}}]},"5":{"loc":{"start":{"line":78,"column":4},"end":{"line":106,"column":5}},"type":"if","locations":[{"start":{"line":78,"column":4},"end":{"line":106,"column":5}},{"start":{"line":84,"column":11},"end":{"line":106,"column":5}}]},"6":{"loc":{"start":{"line":81,"column":6},"end":{"line":81,"column":24}},"type":"if","locations":[{"start":{"line":81,"column":6},"end":{"line":81,"column":24}}]},"7":{"loc":{"start":{"line":84,"column":11},"end":{"line":106,"column":5}},"type":"if","locations":[{"start":{"line":84,"column":11},"end":{"line":106,"column":5}},{"start":{"line":88,"column":11},"end":{"line":106,"column":5}}]},"8":{"loc":{"start":{"line":88,"column":11},"end":{"line":106,"column":5}},"type":"if","locations":[{"start":{"line":88,"column":11},"end":{"line":106,"column":5}}]},"9":{"loc":{"start":{"line":108,"column":2},"end":{"line":126,"column":3}},"type":"if","locations":[{"start":{"line":108,"column":2},"end":{"line":126,"column":3}}]},"10":{"loc":{"start":{"line":111,"column":4},"end":{"line":111,"column":25}},"type":"if","locations":[{"start":{"line":111,"column":4},"end":{"line":111,"column":25}}]},"11":{"loc":{"start":{"line":132,"column":2},"end":{"line":153,"column":3}},"type":"if","locations":[{"start":{"line":132,"column":2},"end":{"line":153,"column":3}},{"start":{"line":135,"column":9},"end":{"line":153,"column":3}}]},"12":{"loc":{"start":{"line":135,"column":9},"end":{"line":153,"column":3}},"type":"if","locations":[{"start":{"line":135,"column":9},"end":{"line":153,"column":3}}]},"13":{"loc":{"start":{"line":137,"column":4},"end":{"line":137,"column":22}},"type":"if","locations":[{"start":{"line":137,"column":4},"end":{"line":137,"column":22}}]},"14":{"loc":{"start":{"line":141,"column":4},"end":{"line":150,"column":5}},"type":"if","locations":[{"start":{"line":141,"column":4},"end":{"line":150,"column":5}}]},"15":{"loc":{"start":{"line":141,"column":8},"end":{"line":141,"column":42}},"type":"binary-expr","locations":[{"start":{"line":141,"column":8},"end":{"line":141,"column":16}},{"start":{"line":141,"column":20},"end":{"line":141,"column":42}}]},"16":{"loc":{"start":{"line":144,"column":6},"end":{"line":144,"column":31}},"type":"if","locations":[{"start":{"line":144,"column":6},"end":{"line":144,"column":31}}]},"17":{"loc":{"start":{"line":158,"column":2},"end":{"line":158,"column":74}},"type":"if","locations":[{"start":{"line":158,"column":2},"end":{"line":158,"column":74}}]},"18":{"loc":{"start":{"line":158,"column":6},"end":{"line":158,"column":61}},"type":"binary-expr","locations":[{"start":{"line":158,"column":6},"end":{"line":158,"column":23}},{"start":{"line":158,"column":27},"end":{"line":158,"column":61}}]},"19":{"loc":{"start":{"line":159,"column":2},"end":{"line":159,"column":96}},"type":"if","locations":[{"start":{"line":159,"column":2},"end":{"line":159,"column":96}}]},"20":{"loc":{"start":{"line":159,"column":6},"end":{"line":159,"column":62}},"type":"binary-expr","locations":[{"start":{"line":159,"column":6},"end":{"line":159,"column":24}},{"start":{"line":159,"column":28},"end":{"line":159,"column":62}}]}},"s":{"0":11,"1":11,"2":11,"3":11,"4":11,"5":11,"6":15,"7":15,"8":15,"9":15,"10":11,"11":11,"12":1,"13":1,"14":1,"15":11,"16":11,"17":15,"18":1,"19":1,"20":1,"21":0,"22":1,"23":1,"24":1,"25":1,"26":11,"27":2,"28":2,"29":11,"30":11,"31":11,"32":11,"33":5,"34":5,"35":5,"36":5,"37":5,"38":5,"39":5,"40":5,"41":5,"42":1,"43":1,"44":1,"45":1,"46":0,"47":1,"48":1,"49":4,"50":3,"51":1,"52":1,"53":1,"54":0,"55":1,"56":1,"57":2,"58":1,"59":1,"60":1,"61":1,"62":1,"63":1,"64":1,"65":1,"66":1,"67":1,"68":1,"69":3,"70":1,"71":1,"72":1,"73":0,"74":1,"75":1,"76":1,"77":1,"78":11,"79":3,"80":3,"81":3,"82":1,"83":1,"84":2,"85":2,"86":2,"87":0,"88":2,"89":2,"90":2,"91":2,"92":2,"93":2,"94":2,"95":0,"96":2,"97":2,"98":2,"99":2,"100":11,"101":6,"102":6,"103":3,"104":6,"105":1},"f":{"0":15,"1":1,"2":15,"3":1,"4":2,"5":5,"6":3,"7":6},"b":{"0":[0],"1":[1],"2":[1],"3":[0],"4":[3],"5":[1,2],"6":[0],"7":[1,1],"8":[1],"9":[1],"10":[0],"11":[1,2],"12":[2],"13":[0],"14":[2],"15":[2,2],"16":[0],"17":[3],"18":[6,3],"19":[1],"20":[6,3]}}
,"/home/aswin.vijayan/Desktop/Week4-New-Project/js/movieServices.ts": {"path":"/home/aswin.vijayan/Desktop/Week4-New-Project/js/movieServices.ts","statementMap":{"0":{"start":{"line":12,"column":0},"end":{"line":12,"column":16}},"1":{"start":{"line":1,"column":0},"end":{"line":1,"column":37}},"2":{"start":{"line":2,"column":0},"end":{"line":2,"column":45}},"3":{"start":{"line":3,"column":0},"end":{"line":3,"column":32}},"4":{"start":{"line":13,"column":15},"end":{"line":13,"column":68}},"5":{"start":{"line":14,"column":2},"end":{"line":14,"column":52}},"6":{"start":{"line":14,"column":13},"end":{"line":14,"column":52}},"7":{"start":{"line":15,"column":19},"end":{"line":15,"column":37}},"8":{"start":{"line":16,"column":18},"end":{"line":16,"column":72}},"9":{"start":{"line":17,"column":2},"end":{"line":17,"column":15}},"10":{"start":{"line":18,"column":18},"end":{"line":18,"column":52}},"11":{"start":{"line":19,"column":2},"end":{"line":19,"column":57}},"12":{"start":{"line":19,"column":16},"end":{"line":19,"column":57}},"13":{"start":{"line":20,"column":2},"end":{"line":20,"column":37}},"14":{"start":{"line":21,"column":2},"end":{"line":21,"column":22}},"15":{"start":{"line":25,"column":15},"end":{"line":25,"column":30}},"16":{"start":{"line":26,"column":2},"end":{"line":26,"column":32}},"17":{"start":{"line":28,"column":4},"end":{"line":28,"column":155}},"18":{"start":{"line":30,"column":2},"end":{"line":33,"column":5}},"19":{"start":{"line":34,"column":2},"end":{"line":34,"column":15}}},"fnMap":{"0":{"name":"addMovie","decl":{"start":{"line":12,"column":16},"end":{"line":12,"column":24}},"loc":{"start":{"line":12,"column":24},"end":{"line":22,"column":1}}},"1":{"name":"renderCard","decl":{"start":{"line":24,"column":9},"end":{"line":24,"column":19}},"loc":{"start":{"line":24,"column":38},"end":{"line":35,"column":1}}}},"branchMap":{"0":{"loc":{"start":{"line":14,"column":2},"end":{"line":14,"column":52}},"type":"if","locations":[{"start":{"line":14,"column":2},"end":{"line":14,"column":52}}]},"1":{"loc":{"start":{"line":19,"column":2},"end":{"line":19,"column":57}},"type":"if","locations":[{"start":{"line":19,"column":2},"end":{"line":19,"column":57}}]}},"s":{"0":8,"1":8,"2":8,"3":8,"4":3,"5":3,"6":1,"7":2,"8":2,"9":2,"10":2,"11":2,"12":1,"13":1,"14":1,"15":1,"16":1,"17":1,"18":1,"19":1},"f":{"0":3,"1":1},"b":{"0":[1],"1":[1]}}
,"/home/aswin.vijayan/Desktop/Week4-New-Project/js/pages.ts": {"path":"/home/aswin.vijayan/Desktop/Week4-New-Project/js/pages.ts","statementMap":{"0":{"start":{"line":5,"column":0},"end":{"line":5,"column":16}},"1":{"start":{"line":15,"column":0},"end":{"line":15,"column":16}},"2":{"start":{"line":67,"column":0},"end":{"line":67,"column":16}},"3":{"start":{"line":103,"column":0},"end":{"line":103,"column":16}},"4":{"start":{"line":1,"column":0},"end":{"line":1,"column":78}},"5":{"start":{"line":2,"column":0},"end":{"line":2,"column":32}},"6":{"start":{"line":6,"column":21},"end":{"line":6,"column":60}},"7":{"start":{"line":7,"column":2},"end":{"line":7,"column":34}},"8":{"start":{"line":7,"column":21},"end":{"line":7,"column":34}},"9":{"start":{"line":8,"column":2},"end":{"line":8,"column":30}},"10":{"start":{"line":9,"column":15},"end":{"line":9,"column":46}},"11":{"start":{"line":10,"column":2},"end":{"line":10,"column":26}},"12":{"start":{"line":10,"column":13},"end":{"line":10,"column":26}},"13":{"start":{"line":11,"column":21},"end":{"line":11,"column":41}},"14":{"start":{"line":12,"column":2},"end":{"line":12,"column":34}},"15":{"start":{"line":13,"column":2},"end":{"line":13,"column":14}},"16":{"start":{"line":16,"column":21},"end":{"line":16,"column":60}},"17":{"start":{"line":17,"column":2},"end":{"line":17,"column":28}},"18":{"start":{"line":17,"column":21},"end":{"line":17,"column":28}},"19":{"start":{"line":18,"column":2},"end":{"line":18,"column":30}},"20":{"start":{"line":19,"column":14},"end":{"line":19,"column":31}},"21":{"start":{"line":20,"column":2},"end":{"line":20,"column":28}},"22":{"start":{"line":21,"column":2},"end":{"line":21,"column":32}},"23":{"start":{"line":23,"column":21},"end":{"line":23,"column":50}},"24":{"start":{"line":24,"column":2},"end":{"line":24,"column":35}},"25":{"start":{"line":25,"column":18},"end":{"line":25,"column":34}},"26":{"start":{"line":26,"column":15},"end":{"line":26,"column":44}},"27":{"start":{"line":27,"column":2},"end":{"line":27,"column":40}},"28":{"start":{"line":28,"column":2},"end":{"line":28,"column":29}},"29":{"start":{"line":30,"column":20},"end":{"line":30,"column":51}},"30":{"start":{"line":31,"column":2},"end":{"line":31,"column":71}},"31":{"start":{"line":31,"column":18},"end":{"line":31,"column":71}},"32":{"start":{"line":32,"column":26},"end":{"line":32,"column":66}},"33":{"start":{"line":34,"column":25},"end":{"line":34,"column":75}},"34":{"start":{"line":35,"column":21},"end":{"line":35,"column":37}},"35":{"start":{"line":36,"column":2},"end":{"line":36,"column":31}},"36":{"start":{"line":37,"column":21},"end":{"line":37,"column":65}},"37":{"start":{"line":39,"column":19},"end":{"line":39,"column":61}},"38":{"start":{"line":40,"column":2},"end":{"line":40,"column":45}},"39":{"start":{"line":40,"column":30},"end":{"line":40,"column":43}},"40":{"start":{"line":41,"column":2},"end":{"line":41,"column":47}},"41":{"start":{"line":42,"column":2},"end":{"line":62,"column":3}},"42":{"start":{"line":43,"column":4},"end":{"line":43,"column":43}},"43":{"start":{"line":44,"column":4},"end":{"line":44,"column":50}},"44":{"start":{"line":45,"column":4},"end":{"line":45,"column":55}},"45":{"start":{"line":45,"column":20},"end":{"line":45,"column":55}},"46":{"start":{"line":46,"column":4},"end":{"line":46,"column":51}},"47":{"start":{"line":47,"column":17},"end":{"line":47,"column":32}},"48":{"start":{"line":49,"column":4},"end":{"line":59,"column":7}},"49":{"start":{"line":50,"column":25},"end":{"line":50,"column":60}},"50":{"start":{"line":51,"column":6},"end":{"line":51,"column":46}},"51":{"start":{"line":52,"column":25},"end":{"line":52,"column":63}},"52":{"start":{"line":53,"column":25},"end":{"line":53,"column":63}},"53":{"start":{"line":54,"column":6},"end":{"line":58,"column":7}},"54":{"start":{"line":55,"column":8},"end":{"line":55,"column":45}},"55":{"start":{"line":56,"column":8},"end":{"line":56,"column":44}},"56":{"start":{"line":57,"column":8},"end":{"line":57,"column":43}},"57":{"start":{"line":61,"column":4},"end":{"line":61,"column":58}},"58":{"start":{"line":61,"column":20},"end":{"line":61,"column":58}},"59":{"start":{"line":64,"column":2},"end":{"line":64,"column":56}},"60":{"start":{"line":68,"column":21},"end":{"line":68,"column":60}},"61":{"start":{"line":69,"column":2},"end":{"line":69,"column":34}},"62":{"start":{"line":69,"column":21},"end":{"line":69,"column":34}},"63":{"start":{"line":70,"column":15},"end":{"line":70,"column":31}},"64":{"start":{"line":71,"column":20},"end":{"line":71,"column":31}},"65":{"start":{"line":72,"column":24},"end":{"line":72,"column":67}},"66":{"start":{"line":72,"column":51},"end":{"line":72,"column":66}},"67":{"start":{"line":73,"column":2},"end":{"line":73,"column":35}},"68":{"start":{"line":73,"column":22},"end":{"line":73,"column":35}},"69":{"start":{"line":74,"column":2},"end":{"line":74,"column":50}},"70":{"start":{"line":75,"column":2},"end":{"line":75,"column":30}},"71":{"start":{"line":76,"column":26},"end":{"line":76,"column":60}},"72":{"start":{"line":77,"column":32},"end":{"line":77,"column":79}},"73":{"start":{"line":79,"column":16},"end":{"line":79,"column":68}},"74":{"start":{"line":80,"column":2},"end":{"line":80,"column":27}},"75":{"start":{"line":80,"column":14},"end":{"line":80,"column":27}},"76":{"start":{"line":81,"column":21},"end":{"line":81,"column":55}},"77":{"start":{"line":82,"column":2},"end":{"line":82,"column":32}},"78":{"start":{"line":82,"column":19},"end":{"line":82,"column":32}},"79":{"start":{"line":83,"column":2},"end":{"line":83,"column":47}},"80":{"start":{"line":85,"column":20},"end":{"line":85,"column":62}},"81":{"start":{"line":86,"column":2},"end":{"line":86,"column":31}},"82":{"start":{"line":86,"column":18},"end":{"line":86,"column":31}},"83":{"start":{"line":87,"column":2},"end":{"line":87,"column":45}},"84":{"start":{"line":89,"column":17},"end":{"line":89,"column":53}},"85":{"start":{"line":90,"column":2},"end":{"line":90,"column":52}},"86":{"start":{"line":91,"column":25},"end":{"line":91,"column":58}},"87":{"start":{"line":92,"column":22},"end":{"line":92,"column":58}},"88":{"start":{"line":93,"column":2},"end":{"line":96,"column":3}},"89":{"start":{"line":94,"column":4},"end":{"line":94,"column":59}},"90":{"start":{"line":95,"column":4},"end":{"line":95,"column":53}},"91":{"start":{"line":98,"column":2},"end":{"line":98,"column":38}},"92":{"start":{"line":99,"column":2},"end":{"line":99,"column":45}},"93":{"start":{"line":100,"column":2},"end":{"line":100,"column":14}},"94":{"start":{"line":104,"column":21},"end":{"line":104,"column":60}},"95":{"start":{"line":105,"column":2},"end":{"line":105,"column":28}},"96":{"start":{"line":105,"column":21},"end":{"line":105,"column":28}},"97":{"start":{"line":106,"column":2},"end":{"line":106,"column":30}},"98":{"start":{"line":107,"column":19},"end":{"line":107,"column":54}},"99":{"start":{"line":108,"column":29},"end":{"line":108,"column":69}},"100":{"start":{"line":109,"column":19},"end":{"line":109,"column":35}},"101":{"start":{"line":110,"column":2},"end":{"line":114,"column":3}},"102":{"start":{"line":111,"column":25},"end":{"line":111,"column":70}},"103":{"start":{"line":112,"column":4},"end":{"line":112,"column":30}},"104":{"start":{"line":112,"column":23},"end":{"line":112,"column":30}},"105":{"start":{"line":113,"column":4},"end":{"line":113,"column":49}},"106":{"start":{"line":116,"column":2},"end":{"line":116,"column":47}}},"fnMap":{"0":{"name":"renderHome","decl":{"start":{"line":5,"column":16},"end":{"line":5,"column":26}},"loc":{"start":{"line":5,"column":26},"end":{"line":14,"column":1}}},"1":{"name":"renderList","decl":{"start":{"line":15,"column":16},"end":{"line":15,"column":26}},"loc":{"start":{"line":15,"column":26},"end":{"line":65,"column":1}}},"2":{"name":"(anonymous_2)","decl":{"start":{"line":40,"column":20},"end":{"line":40,"column":21}},"loc":{"start":{"line":40,"column":30},"end":{"line":40,"column":43}}},"3":{"name":"(anonymous_3)","decl":{"start":{"line":49,"column":19},"end":{"line":49,"column":20}},"loc":{"start":{"line":49,"column":29},"end":{"line":59,"column":5}}},"4":{"name":"renderDetails","decl":{"start":{"line":67,"column":16},"end":{"line":67,"column":29}},"loc":{"start":{"line":67,"column":51},"end":{"line":101,"column":1}}},"5":{"name":"(anonymous_5)","decl":{"start":{"line":72,"column":40},"end":{"line":72,"column":41}},"loc":{"start":{"line":72,"column":51},"end":{"line":72,"column":66}}},"6":{"name":"renderSettings","decl":{"start":{"line":103,"column":16},"end":{"line":103,"column":30}},"loc":{"start":{"line":103,"column":30},"end":{"line":117,"column":1}}}},"branchMap":{"0":{"loc":{"start":{"line":7,"column":2},"end":{"line":7,"column":34}},"type":"if","locations":[{"start":{"line":7,"column":2},"end":{"line":7,"column":34}}]},"1":{"loc":{"start":{"line":10,"column":2},"end":{"line":10,"column":26}},"type":"if","locations":[{"start":{"line":10,"column":2},"end":{"line":10,"column":26}}]},"2":{"loc":{"start":{"line":17,"column":2},"end":{"line":17,"column":28}},"type":"if","locations":[{"start":{"line":17,"column":2},"end":{"line":17,"column":28}}]},"3":{"loc":{"start":{"line":31,"column":2},"end":{"line":31,"column":71}},"type":"if","locations":[{"start":{"line":31,"column":2},"end":{"line":31,"column":71}}]},"4":{"loc":{"start":{"line":42,"column":2},"end":{"line":62,"column":3}},"type":"if","locations":[{"start":{"line":42,"column":2},"end":{"line":62,"column":3}},{"start":{"line":60,"column":9},"end":{"line":62,"column":3}}]},"5":{"loc":{"start":{"line":42,"column":6},"end":{"line":42,"column":33}},"type":"binary-expr","locations":[{"start":{"line":42,"column":6},"end":{"line":42,"column":12}},{"start":{"line":42,"column":16},"end":{"line":42,"column":33}}]},"6":{"loc":{"start":{"line":45,"column":4},"end":{"line":45,"column":55}},"type":"if","locations":[{"start":{"line":45,"column":4},"end":{"line":45,"column":55}}]},"7":{"loc":{"start":{"line":54,"column":6},"end":{"line":58,"column":7}},"type":"if","locations":[{"start":{"line":54,"column":6},"end":{"line":58,"column":7}}]},"8":{"loc":{"start":{"line":54,"column":10},"end":{"line":54,"column":34}},"type":"binary-expr","locations":[{"start":{"line":54,"column":10},"end":{"line":54,"column":20}},{"start":{"line":54,"column":24},"end":{"line":54,"column":34}}]},"9":{"loc":{"start":{"line":61,"column":4},"end":{"line":61,"column":58}},"type":"if","locations":[{"start":{"line":61,"column":4},"end":{"line":61,"column":58}}]},"10":{"loc":{"start":{"line":67,"column":30},"end":{"line":67,"column":51}},"type":"default-arg","locations":[{"start":{"line":67,"column":46},"end":{"line":67,"column":51}}]},"11":{"loc":{"start":{"line":69,"column":2},"end":{"line":69,"column":34}},"type":"if","locations":[{"start":{"line":69,"column":2},"end":{"line":69,"column":34}}]},"12":{"loc":{"start":{"line":73,"column":2},"end":{"line":73,"column":35}},"type":"if","locations":[{"start":{"line":73,"column":2},"end":{"line":73,"column":35}}]},"13":{"loc":{"start":{"line":80,"column":2},"end":{"line":80,"column":27}},"type":"if","locations":[{"start":{"line":80,"column":2},"end":{"line":80,"column":27}}]},"14":{"loc":{"start":{"line":82,"column":2},"end":{"line":82,"column":32}},"type":"if","locations":[{"start":{"line":82,"column":2},"end":{"line":82,"column":32}}]},"15":{"loc":{"start":{"line":86,"column":2},"end":{"line":86,"column":31}},"type":"if","locations":[{"start":{"line":86,"column":2},"end":{"line":86,"column":31}}]},"16":{"loc":{"start":{"line":93,"column":2},"end":{"line":96,"column":3}},"type":"if","locations":[{"start":{"line":93,"column":2},"end":{"line":96,"column":3}}]},"17":{"loc":{"start":{"line":93,"column":6},"end":{"line":93,"column":35}},"type":"binary-expr","locations":[{"start":{"line":93,"column":6},"end":{"line":93,"column":20}},{"start":{"line":93,"column":24},"end":{"line":93,"column":35}}]},"18":{"loc":{"start":{"line":105,"column":2},"end":{"line":105,"column":28}},"type":"if","locations":[{"start":{"line":105,"column":2},"end":{"line":105,"column":28}}]},"19":{"loc":{"start":{"line":110,"column":2},"end":{"line":114,"column":3}},"type":"if","locations":[{"start":{"line":110,"column":2},"end":{"line":114,"column":3}}]},"20":{"loc":{"start":{"line":112,"column":4},"end":{"line":112,"column":30}},"type":"if","locations":[{"start":{"line":112,"column":4},"end":{"line":112,"column":30}}]}},"s":{"0":12,"1":12,"2":12,"3":12,"4":12,"5":12,"6":3,"7":3,"8":1,"9":2,"10":2,"11":2,"12":1,"13":1,"14":1,"15":1,"16":4,"17":4,"18":1,"19":3,"20":3,"21":3,"22":3,"23":3,"24":3,"25":3,"26":3,"27":3,"28":3,"29":3,"30":3,"31":0,"32":3,"33":3,"34":3,"35":3,"36":3,"37":3,"38":3,"39":0,"40":3,"41":3,"42":1,"43":1,"44":1,"45":1,"46":1,"47":1,"48":1,"49":1,"50":1,"51":1,"52":1,"53":1,"54":1,"55":1,"56":1,"57":2,"58":2,"59":3,"60":4,"61":4,"62":1,"63":3,"64":3,"65":3,"66":1,"67":3,"68":2,"69":1,"70":1,"71":1,"72":1,"73":1,"74":1,"75":0,"76":1,"77":1,"78":0,"79":1,"80":1,"81":1,"82":0,"83":1,"84":1,"85":1,"86":1,"87":1,"88":1,"89":1,"90":1,"91":1,"92":1,"93":1,"94":5,"95":5,"96":1,"97":4,"98":4,"99":4,"100":4,"101":4,"102":2,"103":2,"104":0,"105":2,"106":4},"f":{"0":3,"1":4,"2":0,"3":1,"4":4,"5":1,"6":5},"b":{"0":[1],"1":[1],"2":[1],"3":[0],"4":[1,2],"5":[3,3],"6":[1],"7":[1],"8":[1,1],"9":[2],"10":[1],"11":[1],"12":[2],"13":[0],"14":[0],"15":[0],"16":[1],"17":[1,1],"18":[1],"19":[2],"20":[0]}}
,"/home/aswin.vijayan/Desktop/Week4-New-Project/js/queue.ts": {"path":"/home/aswin.vijayan/Desktop/Week4-New-Project/js/queue.ts","statementMap":{"0":{"start":{"line":4,"column":4},"end":{"line":4,"column":20}},"1":{"start":{"line":7,"column":4},"end":{"line":7,"column":25}},"2":{"start":{"line":10,"column":4},"end":{"line":10,"column":58}},"3":{"start":{"line":10,"column":24},"end":{"line":10,"column":58}},"4":{"start":{"line":11,"column":4},"end":{"line":11,"column":30}},"5":{"start":{"line":14,"column":4},"end":{"line":14,"column":58}},"6":{"start":{"line":14,"column":24},"end":{"line":14,"column":58}},"7":{"start":{"line":15,"column":4},"end":{"line":15,"column":25}},"8":{"start":{"line":18,"column":4},"end":{"line":18,"column":35}},"9":{"start":{"line":1,"column":0},"end":{"line":1,"column":13}}},"fnMap":{"0":{"name":"(anonymous_0)","decl":{"start":{"line":3,"column":2},"end":{"line":3,"column":null}},"loc":{"start":{"line":3,"column":2},"end":{"line":5,"column":3}}},"1":{"name":"(anonymous_1)","decl":{"start":{"line":6,"column":2},"end":{"line":6,"column":9}},"loc":{"start":{"line":6,"column":16},"end":{"line":8,"column":3}}},"2":{"name":"(anonymous_2)","decl":{"start":{"line":9,"column":2},"end":{"line":9,"column":9}},"loc":{"start":{"line":9,"column":9},"end":{"line":12,"column":3}}},"3":{"name":"(anonymous_3)","decl":{"start":{"line":13,"column":2},"end":{"line":13,"column":6}},"loc":{"start":{"line":13,"column":6},"end":{"line":16,"column":3}}},"4":{"name":"(anonymous_4)","decl":{"start":{"line":17,"column":2},"end":{"line":17,"column":9}},"loc":{"start":{"line":17,"column":9},"end":{"line":19,"column":3}}}},"branchMap":{"0":{"loc":{"start":{"line":10,"column":4},"end":{"line":10,"column":58}},"type":"if","locations":[{"start":{"line":10,"column":4},"end":{"line":10,"column":58}}]},"1":{"loc":{"start":{"line":14,"column":4},"end":{"line":14,"column":58}},"type":"if","locations":[{"start":{"line":14,"column":4},"end":{"line":14,"column":58}}]}},"s":{"0":3,"1":4,"2":6,"3":3,"4":3,"5":2,"6":1,"7":1,"8":8,"9":1},"f":{"0":3,"1":4,"2":6,"3":2,"4":8},"b":{"0":[3],"1":[1]}}
,"/home/aswin.vijayan/Desktop/Week4-New-Project/js/router.ts": {"path":"/home/aswin.vijayan/Desktop/Week4-New-Project/js/router.ts","statementMap":{"0":{"start":{"line":4,"column":0},"end":{"line":4,"column":16}},"1":{"start":{"line":8,"column":0},"end":{"line":8,"column":16}},"2":{"start":{"line":20,"column":0},"end":{"line":20,"column":16}},"3":{"start":{"line":3,"column":13},"end":{"line":3,"column":57}},"4":{"start":{"line":5,"column":2},"end":{"line":5,"column":42}},"5":{"start":{"line":5,"column":35},"end":{"line":5,"column":42}},"6":{"start":{"line":6,"column":2},"end":{"line":6,"column":27}},"7":{"start":{"line":9,"column":2},"end":{"line":12,"column":3}},"8":{"start":{"line":10,"column":4},"end":{"line":10,"column":19}},"9":{"start":{"line":11,"column":4},"end":{"line":11,"column":11}},"10":{"start":{"line":13,"column":13},"end":{"line":13,"column":36}},"11":{"start":{"line":14,"column":2},"end":{"line":17,"column":3}},"12":{"start":{"line":15,"column":4},"end":{"line":15,"column":27}},"13":{"start":{"line":16,"column":4},"end":{"line":16,"column":11}},"14":{"start":{"line":18,"column":2},"end":{"line":18,"column":27}},"15":{"start":{"line":21,"column":19},"end":{"line":21,"column":34}},"16":{"start":{"line":22,"column":2},"end":{"line":22,"column":40}},"17":{"start":{"line":22,"column":27},"end":{"line":22,"column":40}},"18":{"start":{"line":23,"column":16},"end":{"line":23,"column":45}},"19":{"start":{"line":24,"column":13},"end":{"line":24,"column":35}},"20":{"start":{"line":25,"column":2},"end":{"line":25,"column":12}}},"fnMap":{"0":{"name":"register","decl":{"start":{"line":4,"column":16},"end":{"line":4,"column":24}},"loc":{"start":{"line":4,"column":64},"end":{"line":7,"column":1}}},"1":{"name":"navigate","decl":{"start":{"line":8,"column":16},"end":{"line":8,"column":24}},"loc":{"start":{"line":8,"column":37},"end":{"line":19,"column":1}}},"2":{"name":"extractSearchPara","decl":{"start":{"line":20,"column":16},"end":{"line":20,"column":33}},"loc":{"start":{"line":20,"column":46},"end":{"line":26,"column":1}}}},"branchMap":{"0":{"loc":{"start":{"line":5,"column":2},"end":{"line":5,"column":42}},"type":"if","locations":[{"start":{"line":5,"column":2},"end":{"line":5,"column":42}}]},"1":{"loc":{"start":{"line":9,"column":2},"end":{"line":12,"column":3}},"type":"if","locations":[{"start":{"line":9,"column":2},"end":{"line":12,"column":3}}]},"2":{"loc":{"start":{"line":14,"column":2},"end":{"line":17,"column":3}},"type":"if","locations":[{"start":{"line":14,"column":2},"end":{"line":17,"column":3}}]},"3":{"loc":{"start":{"line":22,"column":2},"end":{"line":22,"column":40}},"type":"if","locations":[{"start":{"line":22,"column":2},"end":{"line":22,"column":40}}]}},"s":{"0":5,"1":5,"2":5,"3":5,"4":36,"5":16,"6":20,"7":3,"8":1,"9":1,"10":2,"11":2,"12":1,"13":1,"14":1,"15":3,"16":3,"17":1,"18":2,"19":2,"20":2},"f":{"0":36,"1":3,"2":3},"b":{"0":[16],"1":[1],"2":[1],"3":[1]}}
,"/home/aswin.vijayan/Desktop/Week4-New-Project/js/store.ts": {"path":"/home/aswin.vijayan/Desktop/Week4-New-Project/js/store.ts","statementMap":{"0":{"start":{"line":72,"column":0},"end":{"line":72,"column":16}},"1":{"start":{"line":5,"column":14},"end":{"line":5,"column":26}},"2":{"start":{"line":6,"column":50},"end":{"line":6,"column":52}},"3":{"start":{"line":7,"column":2},"end":{"line":23,"column":4}},"4":{"start":{"line":9,"column":6},"end":{"line":9,"column":19}},"5":{"start":{"line":13,"column":6},"end":{"line":13,"column":37}},"6":{"start":{"line":14,"column":6},"end":{"line":14,"column":59}},"7":{"start":{"line":16,"column":6},"end":{"line":16,"column":55}},"8":{"start":{"line":16,"column":38},"end":{"line":16,"column":53}},"9":{"start":{"line":19,"column":6},"end":{"line":19,"column":31}},"10":{"start":{"line":20,"column":6},"end":{"line":20,"column":30}},"11":{"start":{"line":26,"column":32},"end":{"line":31,"column":2}},"12":{"start":{"line":33,"column":2},"end":{"line":57,"column":3}},"13":{"start":{"line":35,"column":6},"end":{"line":38,"column":8}},"14":{"start":{"line":40,"column":28},"end":{"line":40,"column":46}},"15":{"start":{"line":41,"column":6},"end":{"line":44,"column":8}},"16":{"start":{"line":46,"column":6},"end":{"line":49,"column":8}},"17":{"start":{"line":51,"column":29},"end":{"line":51,"column":47}},"18":{"start":{"line":52,"column":28},"end":{"line":52,"column":89}},"19":{"start":{"line":52,"column":61},"end":{"line":52,"column":88}},"20":{"start":{"line":53,"column":6},"end":{"line":56,"column":8}},"21":{"start":{"line":59,"column":11},"end":{"line":59,"column":40}},"22":{"start":{"line":61,"column":0},"end":{"line":65,"column":1}},"23":{"start":{"line":62,"column":2},"end":{"line":62,"column":30}},"24":{"start":{"line":64,"column":2},"end":{"line":64,"column":18}},"25":{"start":{"line":70,"column":13},"end":{"line":70,"column":100}},"26":{"start":{"line":73,"column":2},"end":{"line":79,"column":5}},"27":{"start":{"line":80,"column":2},"end":{"line":80,"column":19}}},"fnMap":{"0":{"name":"createStore","decl":{"start":{"line":4,"column":9},"end":{"line":4,"column":20}},"loc":{"start":{"line":4,"column":70},"end":{"line":24,"column":1}}},"1":{"name":"(anonymous_1)","decl":{"start":{"line":8,"column":4},"end":{"line":8,"column":12}},"loc":{"start":{"line":8,"column":12},"end":{"line":10,"column":5}}},"2":{"name":"(anonymous_2)","decl":{"start":{"line":11,"column":4},"end":{"line":11,"column":12}},"loc":{"start":{"line":11,"column":31},"end":{"line":17,"column":5}}},"3":{"name":"(anonymous_3)","decl":{"start":{"line":16,"column":24},"end":{"line":16,"column":25}},"loc":{"start":{"line":16,"column":38},"end":{"line":16,"column":53}}},"4":{"name":"(anonymous_4)","decl":{"start":{"line":18,"column":4},"end":{"line":18,"column":13}},"loc":{"start":{"line":18,"column":48},"end":{"line":22,"column":5}}},"5":{"name":"reducer","decl":{"start":{"line":32,"column":9},"end":{"line":32,"column":16}},"loc":{"start":{"line":32,"column":53},"end":{"line":58,"column":1}}},"6":{"name":"(anonymous_6)","decl":{"start":{"line":52,"column":50},"end":{"line":52,"column":51}},"loc":{"start":{"line":52,"column":61},"end":{"line":52,"column":88}}},"7":{"name":"onRouteChange","decl":{"start":{"line":72,"column":16},"end":{"line":72,"column":29}},"loc":{"start":{"line":72,"column":74},"end":{"line":81,"column":1}}}},"branchMap":{"0":{"loc":{"start":{"line":33,"column":2},"end":{"line":57,"column":3}},"type":"switch","locations":[{"start":{"line":34,"column":4},"end":{"line":38,"column":8}},{"start":{"line":39,"column":4},"end":{"line":44,"column":8}},{"start":{"line":45,"column":4},"end":{"line":49,"column":8}},{"start":{"line":50,"column":4},"end":{"line":56,"column":8}}]},"1":{"loc":{"start":{"line":40,"column":28},"end":{"line":40,"column":46}},"type":"binary-expr","locations":[{"start":{"line":40,"column":28},"end":{"line":40,"column":40}},{"start":{"line":40,"column":44},"end":{"line":40,"column":46}}]},"2":{"loc":{"start":{"line":51,"column":29},"end":{"line":51,"column":47}},"type":"binary-expr","locations":[{"start":{"line":51,"column":29},"end":{"line":51,"column":41}},{"start":{"line":51,"column":45},"end":{"line":51,"column":47}}]},"3":{"loc":{"start":{"line":61,"column":0},"end":{"line":65,"column":1}},"type":"if","locations":[{"start":{"line":61,"column":0},"end":{"line":65,"column":1}},{"start":{"line":63,"column":7},"end":{"line":65,"column":1}}]},"4":{"loc":{"start":{"line":61,"column":4},"end":{"line":61,"column":36}},"type":"binary-expr","locations":[{"start":{"line":61,"column":4},"end":{"line":61,"column":8}},{"start":{"line":61,"column":12},"end":{"line":61,"column":36}}]},"5":{"loc":{"start":{"line":70,"column":21},"end":{"line":70,"column":99}},"type":"cond-expr","locations":[{"start":{"line":70,"column":32},"end":{"line":70,"column":62}},{"start":{"line":70,"column":65},"end":{"line":70,"column":99}}]}},"s":{"0":14,"1":14,"2":14,"3":14,"4":13,"5":11,"6":11,"7":11,"8":1,"9":1,"10":1,"11":14,"12":11,"13":7,"14":1,"15":1,"16":2,"17":1,"18":1,"19":1,"20":1,"21":14,"22":14,"23":8,"24":6,"25":14,"26":5,"27":5},"f":{"0":14,"1":13,"2":11,"3":1,"4":1,"5":11,"6":1,"7":5},"b":{"0":[7,1,2,1],"1":[1,1],"2":[1,0],"3":[8,6],"4":[14,8],"5":[8,6]}}
}
