TN:
SF:js/apiClient.ts
FN:2,fetchUser
FNF:1
FNH:1
FNDA:2,fetchUser
DA:2,1
DA:3,2
DA:4,2
DA:5,1
LF:4
LH:4
BRDA:4,0,0,1
BRF:1
BRH:1
end_of_record
TN:
SF:js/components.ts
FN:1,buttonComponent
FN:6,cardComponent
FN:13,modalComponent
FNF:3
FNH:3
FNDA:4,buttonComponent
FNDA:4,cardComponent
FNDA:5,modalComponent
DA:1,16
DA:2,4
DA:3,4
DA:6,16
DA:7,4
DA:8,4
DA:9,4
DA:10,3
DA:13,16
DA:14,5
DA:15,5
DA:16,5
DA:17,4
DA:18,4
LF:14
LH:14
BRDA:9,0,0,1
BRDA:16,1,0,1
BRF:2
BRH:2
end_of_record
TN:
SF:js/main.ts
FN:7,initRegister
FN:16,(anonymous_1)
FN:30,(anonymous_2)
FN:31,(anonymous_3)
FN:48,(anonymous_4)
FN:58,(anonymous_5)
FN:129,(anonymous_6)
FN:156,(anonymous_7)
FNF:8
FNH:8
FNDA:15,initRegister
FNDA:1,(anonymous_1)
FNDA:15,(anonymous_2)
FNDA:1,(anonymous_3)
FNDA:2,(anonymous_4)
FNDA:5,(anonymous_5)
FNDA:3,(anonymous_6)
FNDA:6,(anonymous_7)
DA:1,11
DA:2,11
DA:4,11
DA:5,11
DA:6,11
DA:7,11
DA:8,15
DA:9,15
DA:10,15
DA:11,15
DA:13,11
DA:16,11
DA:17,1
DA:18,1
DA:26,1
DA:29,11
DA:30,11
DA:31,15
DA:32,1
DA:33,1
DA:34,1
DA:35,1
DA:36,1
DA:43,1
DA:44,1
DA:48,11
DA:49,2
DA:50,2
DA:53,11
DA:54,11
DA:55,11
DA:58,11
DA:59,5
DA:60,5
DA:61,5
DA:62,5
DA:63,5
DA:64,5
DA:65,5
DA:66,5
DA:68,5
DA:69,1
DA:70,1
DA:71,1
DA:72,1
DA:73,1
DA:74,1
DA:77,4
DA:78,3
DA:79,1
DA:80,1
DA:81,1
DA:82,1
DA:83,1
DA:84,2
DA:85,1
DA:86,1
DA:87,1
DA:88,1
DA:89,1
DA:90,1
DA:91,1
DA:95,1
DA:96,1
DA:97,1
DA:105,1
DA:108,3
DA:109,1
DA:110,1
DA:111,1
DA:115,1
DA:116,1
DA:117,1
DA:125,1
DA:129,11
DA:130,3
DA:131,3
DA:132,3
DA:133,1
DA:134,1
DA:135,2
DA:136,2
DA:137,2
DA:138,2
DA:139,2
DA:140,2
DA:141,2
DA:142,2
DA:143,2
DA:144,2
DA:145,2
DA:146,2
DA:151,2
DA:152,2
DA:156,11
DA:157,6
DA:158,6
DA:159,6
LF:98
LH:98
BRDA:34,0,0,0
BRDA:68,1,0,1
BRDA:69,2,0,1
BRDA:72,3,0,0
BRDA:77,4,0,3
BRDA:78,5,0,1
BRDA:78,5,1,2
BRDA:81,6,0,0
BRDA:84,7,0,1
BRDA:84,7,1,1
BRDA:88,8,0,1
BRDA:108,9,0,1
BRDA:111,10,0,0
BRDA:132,11,0,1
BRDA:132,11,1,2
BRDA:135,12,0,2
BRDA:137,13,0,0
BRDA:141,14,0,2
BRDA:141,15,0,2
BRDA:141,15,1,2
BRDA:144,16,0,0
BRDA:158,17,0,3
BRDA:158,18,0,6
BRDA:158,18,1,3
BRDA:159,19,0,1
BRDA:159,20,0,6
BRDA:159,20,1,3
BRF:27
BRH:21
end_of_record
TN:
SF:js/movieServices.ts
FN:12,addMovie
FN:24,renderCard
FNF:2
FNH:2
FNDA:3,addMovie
FNDA:1,renderCard
DA:1,8
DA:2,8
DA:3,8
DA:12,8
DA:13,3
DA:14,3
DA:15,2
DA:16,2
DA:17,2
DA:18,2
DA:19,2
DA:20,1
DA:21,1
DA:25,1
DA:26,1
DA:28,1
DA:30,1
DA:34,1
LF:18
LH:18
BRDA:14,0,0,1
BRDA:19,1,0,1
BRF:2
BRH:2
end_of_record
TN:
SF:js/pages.ts
FN:5,renderHome
FN:15,renderList
FN:40,(anonymous_2)
FN:49,(anonymous_3)
FN:67,renderDetails
FN:72,(anonymous_5)
FN:103,renderSettings
FNF:7
FNH:6
FNDA:3,renderHome
FNDA:4,renderList
FNDA:0,(anonymous_2)
FNDA:1,(anonymous_3)
FNDA:4,renderDetails
FNDA:1,(anonymous_5)
FNDA:5,renderSettings
DA:1,12
DA:2,12
DA:5,12
DA:6,3
DA:7,3
DA:8,2
DA:9,2
DA:10,2
DA:11,1
DA:12,1
DA:13,1
DA:15,12
DA:16,4
DA:17,4
DA:18,3
DA:19,3
DA:20,3
DA:21,3
DA:23,3
DA:24,3
DA:25,3
DA:26,3
DA:27,3
DA:28,3
DA:30,3
DA:31,3
DA:32,3
DA:34,3
DA:35,3
DA:36,3
DA:37,3
DA:39,3
DA:40,3
DA:41,3
DA:42,3
DA:43,1
DA:44,1
DA:45,1
DA:46,1
DA:47,1
DA:49,1
DA:50,1
DA:51,1
DA:52,1
DA:53,1
DA:54,1
DA:55,1
DA:56,1
DA:57,1
DA:61,2
DA:64,3
DA:67,12
DA:68,4
DA:69,4
DA:70,3
DA:71,3
DA:72,3
DA:73,3
DA:74,1
DA:75,1
DA:76,1
DA:77,1
DA:79,1
DA:80,1
DA:81,1
DA:82,1
DA:83,1
DA:85,1
DA:86,1
DA:87,1
DA:89,1
DA:90,1
DA:91,1
DA:92,1
DA:93,1
DA:94,1
DA:95,1
DA:98,1
DA:99,1
DA:100,1
DA:103,12
DA:104,5
DA:105,5
DA:106,4
DA:107,4
DA:108,4
DA:109,4
DA:110,4
DA:111,2
DA:112,2
DA:113,2
DA:116,4
LF:92
LH:92
BRDA:7,0,0,1
BRDA:10,1,0,1
BRDA:17,2,0,1
BRDA:31,3,0,0
BRDA:42,4,0,1
BRDA:42,4,1,2
BRDA:42,5,0,3
BRDA:42,5,1,3
BRDA:45,6,0,1
BRDA:54,7,0,1
BRDA:54,8,0,1
BRDA:54,8,1,1
BRDA:61,9,0,2
BRDA:67,10,0,1
BRDA:69,11,0,1
BRDA:73,12,0,2
BRDA:80,13,0,0
BRDA:82,14,0,0
BRDA:86,15,0,0
BRDA:93,16,0,1
BRDA:93,17,0,1
BRDA:93,17,1,1
BRDA:105,18,0,1
BRDA:110,19,0,2
BRDA:112,20,0,0
BRF:25
BRH:20
end_of_record
TN:
SF:js/queue.ts
FN:3,(anonymous_0)
FN:6,(anonymous_1)
FN:9,(anonymous_2)
FN:13,(anonymous_3)
FN:17,(anonymous_4)
FNF:5
FNH:5
FNDA:3,(anonymous_0)
FNDA:4,(anonymous_1)
FNDA:6,(anonymous_2)
FNDA:2,(anonymous_3)
FNDA:8,(anonymous_4)
DA:1,1
DA:4,3
DA:7,4
DA:10,6
DA:11,3
DA:14,2
DA:15,1
DA:18,8
LF:8
LH:8
BRDA:10,0,0,3
BRDA:14,1,0,1
BRF:2
BRH:2
end_of_record
TN:
SF:js/router.ts
FN:4,register
FN:8,navigate
FN:20,extractSearchPara
FNF:3
FNH:3
FNDA:36,register
FNDA:3,navigate
FNDA:3,extractSearchPara
DA:3,5
DA:4,5
DA:5,36
DA:6,20
DA:8,5
DA:9,3
DA:10,1
DA:11,1
DA:13,2
DA:14,2
DA:15,1
DA:16,1
DA:18,1
DA:20,5
DA:21,3
DA:22,3
DA:23,2
DA:24,2
DA:25,2
LF:19
LH:19
BRDA:5,0,0,16
BRDA:9,1,0,1
BRDA:14,2,0,1
BRDA:22,3,0,1
BRF:4
BRH:4
end_of_record
TN:
SF:js/store.ts
FN:4,createStore
FN:8,(anonymous_1)
FN:11,(anonymous_2)
FN:16,(anonymous_3)
FN:18,(anonymous_4)
FN:32,reducer
FN:52,(anonymous_6)
FN:72,onRouteChange
FNF:8
FNH:8
FNDA:14,createStore
FNDA:13,(anonymous_1)
FNDA:11,(anonymous_2)
FNDA:1,(anonymous_3)
FNDA:1,(anonymous_4)
FNDA:11,reducer
FNDA:1,(anonymous_6)
FNDA:5,onRouteChange
DA:5,14
DA:6,14
DA:7,14
DA:9,13
DA:13,11
DA:14,11
DA:16,11
DA:19,1
DA:20,1
DA:26,14
DA:33,11
DA:35,7
DA:40,1
DA:41,1
DA:46,2
DA:51,1
DA:52,1
DA:53,1
DA:59,14
DA:61,14
DA:62,8
DA:64,6
DA:70,14
DA:72,14
DA:73,5
DA:80,5
LF:26
LH:26
BRDA:33,0,0,7
BRDA:33,0,1,1
BRDA:33,0,2,2
BRDA:33,0,3,1
BRDA:40,1,0,1
BRDA:40,1,1,1
BRDA:51,2,0,1
BRDA:51,2,1,0
BRDA:61,3,0,8
BRDA:61,3,1,6
BRDA:61,4,0,14
BRDA:61,4,1,8
BRDA:70,5,0,8
BRDA:70,5,1,6
BRF:14
BRH:13
end_of_record
